<?xml version="1.0" encoding="UTF-8"?>
<!-- Generated by org.testng.reporters.JUnitReportReporter -->
<testsuite hostname="LAPTOP-7AR2TC63" name="SF.salesforce.UserDetails_grid" tests="2" failures="0" timestamp="7 Jul 2017 12:49:50 GMT" time="37.014" errors="0">
  <testcase name="Signup" time="15.551" classname="SF.salesforce.UserDetails_grid"/>
  <testcase name="Signup" time="21.463" classname="SF.salesforce.UserDetails_grid"/>
</testsuite> <!-- SF.salesforce.UserDetails_grid -->
